#
# There is insufficient memory for the Java Runtime Environment to continue.
# Native memory allocation (malloc) failed to allocate 197776 bytes for Chunk::new
# Possible reasons:
#   The system is out of physical RAM or swap space
#   The process is running with CompressedOops enabled, and the Java Heap may be blocking the growth of the native heap
# Possible solutions:
#   Reduce memory load on the system
#   Increase physical memory or swap space
#   Check if swap backing store is full
#   Decrease Java heap size (-Xmx/-Xms)
#   Decrease number of Java threads
#   Decrease Java thread stack sizes (-Xss)
#   Set larger code cache with -XX:ReservedCodeCacheSize=
#   JVM is running with Unscaled Compressed Oops mode in which the Java heap is
#     placed in the first 4GB address space. The Java Heap base address is the
#     maximum limit for the native heap growth. Please use -XX:HeapBaseMinAddress
#     to set the Java Heap base and to place the Java Heap above 4GB virtual address.
# This output file may be truncated or incomplete.
#
#  Out of Memory Error (arena.cpp:195), pid=20136, tid=22876
#
# JRE version: Java(TM) SE Runtime Environment (16.0.1+9) (build 16.0.1+9-24)
# Java VM: Java HotSpot(TM) 64-Bit Server VM (16.0.1+9-24, mixed mode, sharing, tiered, compressed oops, compressed class ptrs, g1 gc, windows-amd64)
# No core dump will be written. Minidumps are not enabled by default on client versions of Windows
#

---------------  S U M M A R Y ------------

Command Line: -Xmx64m -Xms64m -Dorg.gradle.appname=gradlew org.gradle.wrapper.GradleWrapperMain app:installDebug -PreactNativeDevServerPort=8081

Host: AMD Ryzen 5 2500U with Radeon Vega Mobile Gfx  , 8 cores, 14G,  Windows 10 , 64 bit Build 19041 (10.0.19041.3155)
Time: Sat Sep 23 02:18:56 2023 India Standard Time elapsed time: 7.732140 seconds (0d 0h 0m 7s)

---------------  T H R E A D  ---------------

Current thread (0x000001f6348e9380):  JavaThread "C2 CompilerThread0" daemon [_thread_in_native, id=22876, stack(0x000000ef9ad00000,0x000000ef9ae00000)]


Current CompileTask:
C2:   7732  769  s!   4       jdk.internal.loader.URLClassPath::getLoader (194 bytes)

Stack: [0x000000ef9ad00000,0x000000ef9ae00000]
Native frames: (J=compiled Java code, j=interpreted, Vv=VM code, C=native code)
V  [jvm.dll+0x6687ca]
V  [jvm.dll+0x7ca3c9]
V  [jvm.dll+0x7cbb53]
V  [jvm.dll+0x7cc1b3]
V  [jvm.dll+0x242ea5]
V  [jvm.dll+0xadeca]
V  [jvm.dll+0xae5ac]
V  [jvm.dll+0x2a52cf]
V  [jvm.dll+0x574359]
V  [jvm.dll+0x21e6de]
V  [jvm.dll+0x217aec]
V  [jvm.dll+0x21524c]
V  [jvm.dll+0x1a1d9b]
V  [jvm.dll+0x2253a8]
V  [jvm.dll+0x2233ec]
V  [jvm.dll+0x780002]
V  [jvm.dll+0x779b4a]
V  [jvm.dll+0x667666]
C  [ucrtbase.dll+0x21bb2]
C  [KERNEL32.DLL+0x17614]
C  [ntdll.dll+0x526b1]


---------------  P R O C E S S  ---------------

Threads class SMR info:
_java_thread_list=0x000001f635429950, length=12, elements={
0x000001f61932f850, 0x000001f61940e9a0, 0x000001f6348c98a0, 0x000001f6348e2320,
0x000001f6348e4e40, 0x000001f6348e7c50, 0x000001f6348e8650, 0x000001f6348e9380,
0x000001f6348ea680, 0x000001f6348f00f0, 0x000001f635447e50, 0x000001f63544e680
}

Java Threads: ( => current thread )
  0x000001f61932f850 JavaThread "main" [_thread_in_vm, id=5608, stack(0x000000ef99f00000,0x000000ef9a000000)]
  0x000001f61940e9a0 JavaThread "Reference Handler" daemon [_thread_blocked, id=18324, stack(0x000000ef9a700000,0x000000ef9a800000)]
  0x000001f6348c98a0 JavaThread "Finalizer" daemon [_thread_blocked, id=22188, stack(0x000000ef9a800000,0x000000ef9a900000)]
  0x000001f6348e2320 JavaThread "Signal Dispatcher" daemon [_thread_blocked, id=13832, stack(0x000000ef9a900000,0x000000ef9aa00000)]
  0x000001f6348e4e40 JavaThread "Attach Listener" daemon [_thread_blocked, id=19200, stack(0x000000ef9aa00000,0x000000ef9ab00000)]
  0x000001f6348e7c50 JavaThread "Service Thread" daemon [_thread_blocked, id=23084, stack(0x000000ef9ab00000,0x000000ef9ac00000)]
  0x000001f6348e8650 JavaThread "Monitor Deflation Thread" daemon [_thread_blocked, id=7900, stack(0x000000ef9ac00000,0x000000ef9ad00000)]
=>0x000001f6348e9380 JavaThread "C2 CompilerThread0" daemon [_thread_in_native, id=22876, stack(0x000000ef9ad00000,0x000000ef9ae00000)]
  0x000001f6348ea680 JavaThread "C1 CompilerThread0" daemon [_thread_blocked, id=7692, stack(0x000000ef9ae00000,0x000000ef9af00000)]
  0x000001f6348f00f0 JavaThread "Sweeper thread" daemon [_thread_blocked, id=13316, stack(0x000000ef9af00000,0x000000ef9b000000)]
  0x000001f635447e50 JavaThread "Notification Thread" daemon [_thread_blocked, id=8888, stack(0x000000ef9b000000,0x000000ef9b100000)]
  0x000001f63544e680 JavaThread "Common-Cleaner" daemon [_thread_blocked, id=11040, stack(0x000000ef9b200000,0x000000ef9b300000)]

Other Threads:
  0x000001f6348c5860 VMThread "VM Thread" [stack: 0x000000ef9a600000,0x000000ef9a700000] [id=4080]
  0x000001f63544c380 WatcherThread [stack: 0x000000ef9b100000,0x000000ef9b200000] [id=21216]
  0x000001f619350680 GCTaskThread "GC Thread#0" [stack: 0x000000ef9a100000,0x000000ef9a200000] [id=14376]
  0x000001f619351ec0 ConcurrentGCThread "G1 Main Marker" [stack: 0x000000ef9a200000,0x000000ef9a300000] [id=14140]
  0x000001f619352930 ConcurrentGCThread "G1 Conc#0" [stack: 0x000000ef9a300000,0x000000ef9a400000] [id=912]
  0x000001f6193b0000 ConcurrentGCThread "G1 Refine#0" [stack: 0x000000ef9a400000,0x000000ef9a500000] [id=21540]
  0x000001f6193b0a80 ConcurrentGCThread "G1 Service" [stack: 0x000000ef9a500000,0x000000ef9a600000] [id=4540]

Threads with active compile tasks:
C2 CompilerThread0     7787  769  s!   4       jdk.internal.loader.URLClassPath::getLoader (194 bytes)

VM state: not at safepoint (normal execution)

VM Mutex/Monitor currently owned by a thread: None

Heap address: 0x00000000fc000000, size: 64 MB, Compressed Oops mode: 32-bit

CDS archive(s) mapped at: [0x0000000800000000-0x0000000800bb0000-0x0000000800bb0000), size 12255232, SharedBaseAddress: 0x0000000800000000, ArchiveRelocationMode: 0.
Compressed class space mapped at: 0x0000000800c00000-0x0000000840c00000, reserved size: 1073741824
Narrow klass base: 0x0000000800000000, Narrow klass shift: 3, Narrow klass range: 0x100000000

GC Precious Log:
 CPUs: 8 total, 8 available
 Memory: 15267M
 Large Page Support: Disabled
 NUMA Support: Disabled
 Compressed Oops: Enabled (32-bit)
 Heap Region Size: 1M
 Heap Min Capacity: 64M
 Heap Initial Capacity: 64M
 Heap Max Capacity: 64M
 Pre-touch: Disabled
 Parallel Workers: 8
 Concurrent Workers: 2
 Concurrent Refinement Workers: 8
 Periodic GC: Disabled

Heap:
 garbage-first heap   total 65536K, used 23552K [0x00000000fc000000, 0x0000000100000000)
  region size 1024K, 21 young (21504K), 0 survivors (0K)
 Metaspace       used 3096K, committed 3200K, reserved 1056768K
  class space    used 348K, committed 384K, reserved 1048576K

Heap Regions: E=young(eden), S=young(survivor), O=old, HS=humongous(starts), HC=humongous(continues), CS=collection set, F=free, OA=open archive, CA=closed archive, TAMS=top-at-mark-start (previous, next)
|   0|0x00000000fc000000, 0x00000000fc100000, 0x00000000fc100000|100%|HS|  |TAMS 0x00000000fc000000, 0x00000000fc000000| Complete 
|   1|0x00000000fc100000, 0x00000000fc200000, 0x00000000fc200000|100%|HC|  |TAMS 0x00000000fc100000, 0x00000000fc100000| Complete 
|   2|0x00000000fc200000, 0x00000000fc300000, 0x00000000fc300000|100%|HC|  |TAMS 0x00000000fc200000, 0x00000000fc200000| Complete 
|   3|0x00000000fc300000, 0x00000000fc400000, 0x00000000fc400000|100%|HC|  |TAMS 0x00000000fc300000, 0x00000000fc300000| Complete 
|   4|0x00000000fc400000, 0x00000000fc400000, 0x00000000fc500000|  0%| F|  |TAMS 0x00000000fc400000, 0x00000000fc400000| Untracked 
|   5|0x00000000fc500000, 0x00000000fc500000, 0x00000000fc600000|  0%| F|  |TAMS 0x00000000fc500000, 0x00000000fc500000| Untracked 
|   6|0x00000000fc600000, 0x00000000fc600000, 0x00000000fc700000|  0%| F|  |TAMS 0x00000000fc600000, 0x00000000fc600000| Untracked 
|   7|0x00000000fc700000, 0x00000000fc700000, 0x00000000fc800000|  0%| F|  |TAMS 0x00000000fc700000, 0x00000000fc700000| Untracked 
|   8|0x00000000fc800000, 0x00000000fc800000, 0x00000000fc900000|  0%| F|  |TAMS 0x00000000fc800000, 0x00000000fc800000| Untracked 
|   9|0x00000000fc900000, 0x00000000fc900000, 0x00000000fca00000|  0%| F|  |TAMS 0x00000000fc900000, 0x00000000fc900000| Untracked 
|  10|0x00000000fca00000, 0x00000000fca00000, 0x00000000fcb00000|  0%| F|  |TAMS 0x00000000fca00000, 0x00000000fca00000| Untracked 
|  11|0x00000000fcb00000, 0x00000000fcb00000, 0x00000000fcc00000|  0%| F|  |TAMS 0x00000000fcb00000, 0x00000000fcb00000| Untracked 
|  12|0x00000000fcc00000, 0x00000000fcc00000, 0x00000000fcd00000|  0%| F|  |TAMS 0x00000000fcc00000, 0x00000000fcc00000| Untracked 
|  13|0x00000000fcd00000, 0x00000000fcd00000, 0x00000000fce00000|  0%| F|  |TAMS 0x00000000fcd00000, 0x00000000fcd00000| Untracked 
|  14|0x00000000fce00000, 0x00000000fce00000, 0x00000000fcf00000|  0%| F|  |TAMS 0x00000000fce00000, 0x00000000fce00000| Untracked 
|  15|0x00000000fcf00000, 0x00000000fcf00000, 0x00000000fd000000|  0%| F|  |TAMS 0x00000000fcf00000, 0x00000000fcf00000| Untracked 
|  16|0x00000000fd000000, 0x00000000fd000000, 0x00000000fd100000|  0%| F|  |TAMS 0x00000000fd000000, 0x00000000fd000000| Untracked 
|  17|0x00000000fd100000, 0x00000000fd100000, 0x00000000fd200000|  0%| F|  |TAMS 0x00000000fd100000, 0x00000000fd100000| Untracked 
|  18|0x00000000fd200000, 0x00000000fd200000, 0x00000000fd300000|  0%| F|  |TAMS 0x00000000fd200000, 0x00000000fd200000| Untracked 
|  19|0x00000000fd300000, 0x00000000fd300000, 0x00000000fd400000|  0%| F|  |TAMS 0x00000000fd300000, 0x00000000fd300000| Untracked 
|  20|0x00000000fd400000, 0x00000000fd400000, 0x00000000fd500000|  0%| F|  |TAMS 0x00000000fd400000, 0x00000000fd400000| Untracked 
|  21|0x00000000fd500000, 0x00000000fd500000, 0x00000000fd600000|  0%| F|  |TAMS 0x00000000fd500000, 0x00000000fd500000| Untracked 
|  22|0x00000000fd600000, 0x00000000fd600000, 0x00000000fd700000|  0%| F|  |TAMS 0x00000000fd600000, 0x00000000fd600000| Untracked 
|  23|0x00000000fd700000, 0x00000000fd700000, 0x00000000fd800000|  0%| F|  |TAMS 0x00000000fd700000, 0x00000000fd700000| Untracked 
|  24|0x00000000fd800000, 0x00000000fd800000, 0x00000000fd900000|  0%| F|  |TAMS 0x00000000fd800000, 0x00000000fd800000| Untracked 
|  25|0x00000000fd900000, 0x00000000fd900000, 0x00000000fda00000|  0%| F|  |TAMS 0x00000000fd900000, 0x00000000fd900000| Untracked 
|  26|0x00000000fda00000, 0x00000000fda00000, 0x00000000fdb00000|  0%| F|  |TAMS 0x00000000fda00000, 0x00000000fda00000| Untracked 
|  27|0x00000000fdb00000, 0x00000000fdb00000, 0x00000000fdc00000|  0%| F|  |TAMS 0x00000000fdb00000, 0x00000000fdb00000| Untracked 
|  28|0x00000000fdc00000, 0x00000000fdc00000, 0x00000000fdd00000|  0%| F|  |TAMS 0x00000000fdc00000, 0x00000000fdc00000| Untracked 
|  29|0x00000000fdd00000, 0x00000000fdd00000, 0x00000000fde00000|  0%| F|  |TAMS 0x00000000fdd00000, 0x00000000fdd00000| Untracked 
|  30|0x00000000fde00000, 0x00000000fde00000, 0x00000000fdf00000|  0%| F|  |TAMS 0x00000000fde00000, 0x00000000fde00000| Untracked 
|  31|0x00000000fdf00000, 0x00000000fdf00000, 0x00000000fe000000|  0%| F|  |TAMS 0x00000000fdf00000, 0x00000000fdf00000| Untracked 
|  32|0x00000000fe000000, 0x00000000fe000000, 0x00000000fe100000|  0%| F|  |TAMS 0x00000000fe000000, 0x00000000fe000000| Untracked 
|  33|0x00000000fe100000, 0x00000000fe100000, 0x00000000fe200000|  0%| F|  |TAMS 0x00000000fe100000, 0x00000000fe100000| Untracked 
|  34|0x00000000fe200000, 0x00000000fe200000, 0x00000000fe300000|  0%| F|  |TAMS 0x00000000fe200000, 0x00000000fe200000| Untracked 
|  35|0x00000000fe300000, 0x00000000fe300000, 0x00000000fe400000|  0%| F|  |TAMS 0x00000000fe300000, 0x00000000fe300000| Untracked 
|  36|0x00000000fe400000, 0x00000000fe400000, 0x00000000fe500000|  0%| F|  |TAMS 0x00000000fe400000, 0x00000000fe400000| Untracked 
|  37|0x00000000fe500000, 0x00000000fe500000, 0x00000000fe600000|  0%| F|  |TAMS 0x00000000fe500000, 0x00000000fe500000| Untracked 
|  38|0x00000000fe600000, 0x00000000fe600000, 0x00000000fe700000|  0%| F|  |TAMS 0x00000000fe600000, 0x00000000fe600000| Untracked 
|  39|0x00000000fe700000, 0x00000000fe700000, 0x00000000fe800000|  0%| F|  |TAMS 0x00000000fe700000, 0x00000000fe700000| Untracked 
|  40|0x00000000fe800000, 0x00000000fe800000, 0x00000000fe900000|  0%| F|  |TAMS 0x00000000fe800000, 0x00000000fe800000| Untracked 
|  41|0x00000000fe900000, 0x00000000fe900000, 0x00000000fea00000|  0%| F|  |TAMS 0x00000000fe900000, 0x00000000fe900000| Untracked 
|  42|0x00000000fea00000, 0x00000000fea00000, 0x00000000feb00000|  0%| F|  |TAMS 0x00000000fea00000, 0x00000000fea00000| Untracked 
|  43|0x00000000feb00000, 0x00000000febebe48, 0x00000000fec00000| 92%| E|  |TAMS 0x00000000feb00000, 0x00000000feb00000| Complete 
|  44|0x00000000fec00000, 0x00000000fed00000, 0x00000000fed00000|100%| E|CS|TAMS 0x00000000fec00000, 0x00000000fec00000| Complete 
|  45|0x00000000fed00000, 0x00000000fee00000, 0x00000000fee00000|100%| E|CS|TAMS 0x00000000fed00000, 0x00000000fed00000| Complete 
|  46|0x00000000fee00000, 0x00000000fef00000, 0x00000000fef00000|100%| E|CS|TAMS 0x00000000fee00000, 0x00000000fee00000| Complete 
|  47|0x00000000fef00000, 0x00000000ff000000, 0x00000000ff000000|100%| E|CS|TAMS 0x00000000fef00000, 0x00000000fef00000| Complete 
|  48|0x00000000ff000000, 0x00000000ff100000, 0x00000000ff100000|100%| E|  |TAMS 0x00000000ff000000, 0x00000000ff000000| Complete 
|  49|0x00000000ff100000, 0x00000000ff200000, 0x00000000ff200000|100%| E|CS|TAMS 0x00000000ff100000, 0x00000000ff100000| Complete 
|  50|0x00000000ff200000, 0x00000000ff300000, 0x00000000ff300000|100%| E|CS|TAMS 0x00000000ff200000, 0x00000000ff200000| Complete 
|  51|0x00000000ff300000, 0x00000000ff400000, 0x00000000ff400000|100%| E|CS|TAMS 0x00000000ff300000, 0x00000000ff300000| Complete 
|  52|0x00000000ff400000, 0x00000000ff500000, 0x00000000ff500000|100%| E|CS|TAMS 0x00000000ff400000, 0x00000000ff400000| Complete 
|  53|0x00000000ff500000, 0x00000000ff600000, 0x00000000ff600000|100%| E|CS|TAMS 0x00000000ff500000, 0x00000000ff500000| Complete 
|  54|0x00000000ff600000, 0x00000000ff700000, 0x00000000ff700000|100%| E|CS|TAMS 0x00000000ff600000, 0x00000000ff600000| Complete 
|  55|0x00000000ff700000, 0x00000000ff800000, 0x00000000ff800000|100%| E|CS|TAMS 0x00000000ff700000, 0x00000000ff700000| Complete 
|  56|0x00000000ff800000, 0x00000000ff900000, 0x00000000ff900000|100%| E|CS|TAMS 0x00000000ff800000, 0x00000000ff800000| Complete 
|  57|0x00000000ff900000, 0x00000000ffa00000, 0x00000000ffa00000|100%| E|CS|TAMS 0x00000000ff900000, 0x00000000ff900000| Complete 
|  58|0x00000000ffa00000, 0x00000000ffb00000, 0x00000000ffb00000|100%| E|CS|TAMS 0x00000000ffa00000, 0x00000000ffa00000| Complete 
|  59|0x00000000ffb00000, 0x00000000ffc00000, 0x00000000ffc00000|100%| E|CS|TAMS 0x00000000ffb00000, 0x00000000ffb00000| Complete 
|  60|0x00000000ffc00000, 0x00000000ffd00000, 0x00000000ffd00000|100%| E|CS|TAMS 0x00000000ffc00000, 0x00000000ffc00000| Complete 
|  61|0x00000000ffd00000, 0x00000000ffe00000, 0x00000000ffe00000|100%| E|CS|TAMS 0x00000000ffd00000, 0x00000000ffd00000| Complete 
|  62|0x00000000ffe00000, 0x00000000fff00000, 0x00000000fff00000|100%| E|CS|TAMS 0x00000000ffe00000, 0x00000000ffe00000| Complete 
|  63|0x00000000fff00000, 0x0000000100000000, 0x0000000100000000|100%| E|CS|TAMS 0x00000000fff00000, 0x00000000fff00000| Complete 

Card table byte_map: [0x000001f631d20000,0x000001f631d40000] _byte_map_base: 0x000001f631540000

Marking Bits (Prev, Next): (CMBitMap*) 0x000001f619350cf0, (CMBitMap*) 0x000001f619350d30
 Prev Bits: [0x000001f631d60000, 0x000001f631e60000)
 Next Bits: [0x000001f631e60000, 0x000001f631f60000)

Polling page: 0x000001f619410000

Metaspace:

Usage:
  Non-class:      2.69 MB used.
      Class:    349.38 KB used.
       Both:      3.03 MB used.

Virtual space:
  Non-class space:        8.00 MB reserved,       2.75 MB ( 34%) committed,  1 nodes.
      Class space:        1.00 GB reserved,     384.00 KB ( <1%) committed,  1 nodes.
              Both:        1.01 GB reserved,       3.12 MB ( <1%) committed. 

Chunk freelists:
   Non-Class:  2.95 MB
       Class:  3.52 MB
        Both:  6.47 MB

MaxMetaspaceSize: 17179869184.00 GB
CompressedClassSpaceSize: 1.00 GB
 - commit_granule_bytes: 65536.
 - commit_granule_words: 8192.
 - virtual_space_node_default_size: 1048576.
 - enlarge_chunks_in_place: 1.
 - new_chunks_are_fully_committed: 0.
 - uncommit_free_chunks: 1.
 - use_allocation_guard: 0.
 - handle_deallocations: 1.


Internal statistics:

num_allocs_failed_limit: 0.
num_arena_births: 18.
num_arena_deaths: 0.
num_vsnodes_births: 2.
num_vsnodes_deaths: 0.
num_space_committed: 50.
num_space_uncommitted: 0.
num_chunks_returned_to_freelist: 0.
num_chunks_taken_from_freelist: 87.
num_chunk_merges: 0.
num_chunk_splits: 55.
num_chunks_enlarged: 53.
num_purges: 0.

CodeHeap 'non-profiled nmethods': size=120000Kb used=275Kb max_used=275Kb free=119724Kb
 bounds [0x000001f629d90000, 0x000001f62a000000, 0x000001f6312c0000]
CodeHeap 'profiled nmethods': size=120000Kb used=1421Kb max_used=1421Kb free=118578Kb
 bounds [0x000001f622860000, 0x000001f622ad0000, 0x000001f629d90000]
CodeHeap 'non-nmethods': size=5760Kb used=1133Kb max_used=1152Kb free=4626Kb
 bounds [0x000001f6222c0000, 0x000001f622530000, 0x000001f622860000]
 total_blobs=1185 nmethods=771 adapters=327
 compilation: enabled
              stopped_count=0, restarted_count=0
 full_count=0

Compilation events (20 events):
Event: 7.371 Thread 0x000001f6348ea680  761   !   3       java.util.zip.ZipFile$Source::readAt (39 bytes)
Event: 7.374 Thread 0x000001f6348ea680 nmethod 761 0x000001f6229bc310 code [0x000001f6229bc500, 0x000001f6229bc988]
Event: 7.392 Thread 0x000001f6348ea680  762       3       java.lang.String::indexOf (64 bytes)
Event: 7.394 Thread 0x000001f6348ea680 nmethod 762 0x000001f6229bcd10 code [0x000001f6229bcf20, 0x000001f6229bd3e8]
Event: 7.400 Thread 0x000001f6348ea680  763       3       java.net.URLClassLoader::getAndVerifyPackage (109 bytes)
Event: 7.404 Thread 0x000001f6348ea680 nmethod 763 0x000001f6229bd590 code [0x000001f6229bd900, 0x000001f6229beb48]
Event: 7.404 Thread 0x000001f6348ea680  764       3       jdk.internal.perf.PerfCounter::getReadClassBytesTime (4 bytes)
Event: 7.404 Thread 0x000001f6348ea680 nmethod 764 0x000001f6229bf190 code [0x000001f6229bf320, 0x000001f6229bf418]
Event: 7.408 Thread 0x000001f6348e9380 nmethod 752 0x000001f629dd0c90 code [0x000001f629dd0e80, 0x000001f629dd1888]
Event: 7.408 Thread 0x000001f6348e9380  765       4       java.util.Objects::requireNonNull (15 bytes)
Event: 7.409 Thread 0x000001f6348e9380 nmethod 765 0x000001f629dd2090 code [0x000001f629dd2200, 0x000001f629dd2278]
Event: 7.533 Thread 0x000001f6348e9380  766   !   4       java.util.zip.ZipFile::getEntry (59 bytes)
Event: 7.534 Thread 0x000001f6348ea680  767       3       java.lang.ClassLoader::definePackage (85 bytes)
Event: 7.537 Thread 0x000001f6348ea680 nmethod 767 0x000001f6229bf490 code [0x000001f6229bf760, 0x000001f6229c06d8]
Event: 7.538 Thread 0x000001f6348ea680  768       3       java.lang.ClassLoader::compareCerts (197 bytes)
Event: 7.540 Thread 0x000001f6348ea680 nmethod 768 0x000001f6229c0b90 code [0x000001f6229c0dc0, 0x000001f6229c1678]
Event: 7.580 Thread 0x000001f6348ea680  772       3       sun.net.www.ParseUtil::encodePath (41 bytes)
Event: 7.581 Thread 0x000001f6348ea680 nmethod 772 0x000001f6229c1990 code [0x000001f6229c1b60, 0x000001f6229c1dc8]
Event: 7.686 Thread 0x000001f6348e9380 nmethod 766 0x000001f629dd2390 code [0x000001f629dd25e0, 0x000001f629dd3e00]
Event: 7.687 Thread 0x000001f6348e9380  769  s!   4       jdk.internal.loader.URLClassPath::getLoader (194 bytes)

GC Heap History (0 events):
No events

Deoptimization events (20 events):
Event: 6.438 Thread 0x000001f61932f850 DEOPT PACKING pc=0x000001f62297b80c sp=0x000000ef99ffb050
Event: 6.438 Thread 0x000001f61932f850 DEOPT UNPACKING pc=0x000001f62230dece sp=0x000000ef99ffa4e0 mode 0
Event: 6.438 Thread 0x000001f61932f850 DEOPT PACKING pc=0x000001f62297b80c sp=0x000000ef99ffb050
Event: 6.438 Thread 0x000001f61932f850 DEOPT UNPACKING pc=0x000001f62230dece sp=0x000000ef99ffa4e0 mode 0
Event: 6.438 Thread 0x000001f61932f850 DEOPT PACKING pc=0x000001f62297b80c sp=0x000000ef99ffb050
Event: 6.438 Thread 0x000001f61932f850 DEOPT UNPACKING pc=0x000001f62230dece sp=0x000000ef99ffa4e0 mode 0
Event: 6.439 Thread 0x000001f61932f850 DEOPT PACKING pc=0x000001f62297b80c sp=0x000000ef99ffb050
Event: 6.439 Thread 0x000001f61932f850 DEOPT UNPACKING pc=0x000001f62230dece sp=0x000000ef99ffa4e0 mode 0
Event: 6.439 Thread 0x000001f61932f850 DEOPT PACKING pc=0x000001f62297b80c sp=0x000000ef99ffb050
Event: 6.439 Thread 0x000001f61932f850 DEOPT UNPACKING pc=0x000001f62230dece sp=0x000000ef99ffa4e0 mode 0
Event: 6.439 Thread 0x000001f61932f850 DEOPT PACKING pc=0x000001f62297b80c sp=0x000000ef99ffb050
Event: 6.439 Thread 0x000001f61932f850 DEOPT UNPACKING pc=0x000001f62230dece sp=0x000000ef99ffa4e0 mode 0
Event: 6.440 Thread 0x000001f61932f850 DEOPT PACKING pc=0x000001f62297b80c sp=0x000000ef99ffb050
Event: 6.440 Thread 0x000001f61932f850 DEOPT UNPACKING pc=0x000001f62230dece sp=0x000000ef99ffa4e0 mode 0
Event: 6.441 Thread 0x000001f61932f850 DEOPT PACKING pc=0x000001f62297b80c sp=0x000000ef99ffb050
Event: 6.441 Thread 0x000001f61932f850 DEOPT UNPACKING pc=0x000001f62230dece sp=0x000000ef99ffa4e0 mode 0
Event: 6.441 Thread 0x000001f61932f850 DEOPT PACKING pc=0x000001f62297b80c sp=0x000000ef99ffb050
Event: 6.441 Thread 0x000001f61932f850 DEOPT UNPACKING pc=0x000001f62230dece sp=0x000000ef99ffa4e0 mode 0
Event: 6.442 Thread 0x000001f61932f850 DEOPT PACKING pc=0x000001f62297b80c sp=0x000000ef99ffb050
Event: 6.442 Thread 0x000001f61932f850 DEOPT UNPACKING pc=0x000001f62230dece sp=0x000000ef99ffa4e0 mode 0

Classes unloaded (0 events):
No events

Classes redefined (0 events):
No events

Internal exceptions (2 events):
Event: 2.550 Thread 0x000001f61932f850 Exception <a 'java/lang/NoSuchMethodError'{0x00000000ffc58960}: 'int java.lang.invoke.DirectMethodHandle$Holder.invokeStaticInit(java.lang.Object, java.lang.Object)'> (0x00000000ffc58960) 
thrown [t:\workspace\open\src\hotspot\share\interpreter\linkResolver.cpp, line 790]
Event: 7.215 Thread 0x000001f61932f850 Exception <a 'java/lang/NoSuchMethodError'{0x00000000fed9e5f8}: 'void java.lang.invoke.DirectMethodHandle$Holder.invokeSpecial(java.lang.Object, java.lang.Object, java.lang.Object)'> (0x00000000fed9e5f8) 
thrown [t:\workspace\open\src\hotspot\share\interpreter\linkResolver.cpp, line 790]

Events (20 events):
Event: 6.869 loading class java/lang/reflect/UndeclaredThrowableException
Event: 6.870 loading class java/lang/reflect/UndeclaredThrowableException done
Event: 6.871 loading class java/lang/IllegalAccessException
Event: 6.871 loading class java/lang/IllegalAccessException done
Event: 6.872 loading class java/lang/reflect/Proxy$ProxyBuilder$1
Event: 6.873 loading class java/lang/reflect/Proxy$ProxyBuilder$1 done
Event: 6.894 loading class java/lang/reflect/InvocationTargetException
Event: 6.894 loading class java/lang/reflect/InvocationTargetException done
Event: 7.003 loading class java/util/LinkedList$ListItr
Event: 7.004 loading class java/util/LinkedList$ListItr done
Event: 7.070 loading class java/util/concurrent/ConcurrentLinkedQueue
Event: 7.071 loading class java/util/concurrent/ConcurrentLinkedQueue done
Event: 7.071 loading class java/util/concurrent/ConcurrentLinkedQueue$Node
Event: 7.072 loading class java/util/concurrent/ConcurrentLinkedQueue$Node done
Event: 7.083 loading class java/lang/reflect/ParameterizedType
Event: 7.083 loading class java/lang/reflect/ParameterizedType done
Event: 7.094 Executing  VM operation: HandshakeAllThreads
Event: 7.094 Executing  VM operation: HandshakeAllThreads done
Event: 7.590 loading class java/lang/NumberFormatException
Event: 7.591 loading class java/lang/NumberFormatException done


Dynamic libraries:
0x00007ff66bc60000 - 0x00007ff66bc70000 	C:\Program Files\Java\jdk-16.0.1\bin\java.exe
0x00007ffbb84f0000 - 0x00007ffbb86e8000 	C:\Windows\SYSTEM32\ntdll.dll
0x00007ffbb78d0000 - 0x00007ffbb798f000 	C:\Windows\System32\KERNEL32.DLL
0x00007ffbb60a0000 - 0x00007ffbb6396000 	C:\Windows\System32\KERNELBASE.dll
0x00007ffbb5d40000 - 0x00007ffbb5e40000 	C:\Windows\System32\ucrtbase.dll
0x00007ffbadb30000 - 0x00007ffbadb48000 	C:\Program Files\Java\jdk-16.0.1\bin\jli.dll
0x00007ffbb7710000 - 0x00007ffbb77bf000 	C:\Windows\System32\ADVAPI32.dll
0x00007ffbb6ca0000 - 0x00007ffbb6d3e000 	C:\Windows\System32\msvcrt.dll
0x00007ffbb83e0000 - 0x00007ffbb847c000 	C:\Windows\System32\sechost.dll
0x00007ffbb6d40000 - 0x00007ffbb6e66000 	C:\Windows\System32\RPCRT4.dll
0x00007ffbb7b00000 - 0x00007ffbb7c9d000 	C:\Windows\System32\USER32.dll
0x00007ffbb64f0000 - 0x00007ffbb6512000 	C:\Windows\System32\win32u.dll
0x00007ffbb76e0000 - 0x00007ffbb770c000 	C:\Windows\System32\GDI32.dll
0x00007ffbb5bd0000 - 0x00007ffbb5ce5000 	C:\Windows\System32\gdi32full.dll
0x00007ffbb6450000 - 0x00007ffbb64ed000 	C:\Windows\System32\msvcp_win.dll
0x00007ffbad740000 - 0x00007ffbad759000 	C:\Program Files\Java\jdk-16.0.1\bin\VCRUNTIME140.dll
0x00007ffba3a90000 - 0x00007ffba3d2a000 	C:\Windows\WinSxS\amd64_microsoft.windows.common-controls_6595b64144ccf1df_6.0.19041.1110_none_60b5254171f9507e\COMCTL32.dll
0x00007ffbac720000 - 0x00007ffbac72a000 	C:\Windows\SYSTEM32\VERSION.dll
0x00007ffbb8480000 - 0x00007ffbb84b0000 	C:\Windows\System32\IMM32.DLL
0x00007ffbb0b60000 - 0x00007ffbb0b6c000 	C:\Program Files\Java\jdk-16.0.1\bin\vcruntime140_1.dll
0x00007ffba0bd0000 - 0x00007ffba0c61000 	C:\Program Files\Java\jdk-16.0.1\bin\msvcp140.dll
0x00007ffb80660000 - 0x00007ffb8120b000 	C:\Program Files\Java\jdk-16.0.1\bin\server\jvm.dll
0x00007ffbb8220000 - 0x00007ffbb8228000 	C:\Windows\System32\PSAPI.DLL
0x00007ffba2d60000 - 0x00007ffba2d69000 	C:\Windows\SYSTEM32\WSOCK32.dll
0x00007ffbb74f0000 - 0x00007ffbb755b000 	C:\Windows\System32\WS2_32.dll
0x00007ffbac730000 - 0x00007ffbac757000 	C:\Windows\SYSTEM32\WINMM.dll
0x00007ffbb3a80000 - 0x00007ffbb3a92000 	C:\Windows\SYSTEM32\kernel.appcore.dll
0x00007ffbb0900000 - 0x00007ffbb090a000 	C:\Program Files\Java\jdk-16.0.1\bin\jimage.dll
0x00007ffba8ab0000 - 0x00007ffba8c94000 	C:\Windows\SYSTEM32\DBGHELP.DLL
0x00007ffba2950000 - 0x00007ffba2984000 	C:\Windows\SYSTEM32\dbgcore.DLL
0x00007ffbb5e40000 - 0x00007ffbb5ec2000 	C:\Windows\System32\bcryptPrimitives.dll
0x00007ffbacef0000 - 0x00007ffbacf15000 	C:\Program Files\Java\jdk-16.0.1\bin\java.dll
0x00007ffbb6550000 - 0x00007ffbb6c94000 	C:\Windows\System32\SHELL32.dll
0x00007ffbb3c80000 - 0x00007ffbb4414000 	C:\Windows\SYSTEM32\windows.storage.dll
0x00007ffbb6fa0000 - 0x00007ffbb72f4000 	C:\Windows\System32\combase.dll
0x00007ffbb5540000 - 0x00007ffbb556e000 	C:\Windows\SYSTEM32\Wldp.dll
0x00007ffbb77c0000 - 0x00007ffbb786d000 	C:\Windows\System32\SHCORE.dll
0x00007ffbb7300000 - 0x00007ffbb7355000 	C:\Windows\System32\shlwapi.dll
0x00007ffbb5b00000 - 0x00007ffbb5b25000 	C:\Windows\SYSTEM32\profapi.dll
0x00007ffbacbd0000 - 0x00007ffbacbe9000 	C:\Program Files\Java\jdk-16.0.1\bin\net.dll
0x00007ffba95e0000 - 0x00007ffba96ea000 	C:\Windows\SYSTEM32\WINHTTP.dll
0x00007ffbb52a0000 - 0x00007ffbb530a000 	C:\Windows\system32\mswsock.dll
0x00007ffbaca30000 - 0x00007ffbaca43000 	C:\Program Files\Java\jdk-16.0.1\bin\nio.dll
0x00007ffbaca10000 - 0x00007ffbaca28000 	C:\Program Files\Java\jdk-16.0.1\bin\zip.dll
0x00007ffbafe90000 - 0x00007ffbafea0000 	C:\Program Files\Java\jdk-16.0.1\bin\verify.dll

dbghelp: loaded successfully - version: 4.0.5 - missing functions: none
symbol engine: initialized successfully - sym options: 0x614 - pdb path: .;C:\Program Files\Java\jdk-16.0.1\bin;C:\Windows\SYSTEM32;C:\Windows\WinSxS\amd64_microsoft.windows.common-controls_6595b64144ccf1df_6.0.19041.1110_none_60b5254171f9507e;C:\Program Files\Java\jdk-16.0.1\bin\server

VM Arguments:
jvm_args: -Xmx64m -Xms64m -Dorg.gradle.appname=gradlew 
java_command: org.gradle.wrapper.GradleWrapperMain app:installDebug -PreactNativeDevServerPort=8081
java_class_path (initial): G:\coding\SIH\test4\fp\android\\gradle\wrapper\gradle-wrapper.jar
Launcher Type: SUN_STANDARD

[Global flags]
     intx CICompilerCount                          = 4                                         {product} {ergonomic}
     uint ConcGCThreads                            = 2                                         {product} {ergonomic}
     uint G1ConcRefinementThreads                  = 8                                         {product} {ergonomic}
   size_t G1HeapRegionSize                         = 1048576                                   {product} {ergonomic}
    uintx GCDrainStackTargetSize                   = 64                                        {product} {ergonomic}
   size_t InitialHeapSize                          = 67108864                                  {product} {command line}
   size_t MarkStackSize                            = 4194304                                   {product} {ergonomic}
   size_t MaxHeapSize                              = 67108864                                  {product} {command line}
   size_t MaxNewSize                               = 39845888                                  {product} {ergonomic}
   size_t MinHeapDeltaBytes                        = 1048576                                   {product} {ergonomic}
   size_t MinHeapSize                              = 67108864                                  {product} {command line}
    uintx NonNMethodCodeHeapSize                   = 5839372                                {pd product} {ergonomic}
    uintx NonProfiledCodeHeapSize                  = 122909434                              {pd product} {ergonomic}
    uintx ProfiledCodeHeapSize                     = 122909434                              {pd product} {ergonomic}
    uintx ReservedCodeCacheSize                    = 251658240                              {pd product} {ergonomic}
     bool SegmentedCodeCache                       = true                                      {product} {ergonomic}
   size_t SoftMaxHeapSize                          = 67108864                               {manageable} {ergonomic}
     bool UseCompressedClassPointers               = true                           {product lp64_product} {ergonomic}
     bool UseCompressedOops                        = true                           {product lp64_product} {ergonomic}
     bool UseG1GC                                  = true                                      {product} {ergonomic}
     bool UseLargePagesIndividualAllocation        = false                                  {pd product} {ergonomic}

Logging:
Log output configuration:
 #0: stdout all=warning uptime,level,tags
 #1: stderr all=off uptime,level,tags

Environment Variables:
CLASSPATH=G:\coding\SIH\test4\fp\android\\gradle\wrapper\gradle-wrapper.jar
PATH=G:\coding\SIH\test4\fp\node_modules\.bin;G:\coding\SIH\test4\fp\node_modules\.bin;G:\coding\SIH\test4\node_modules\.bin;G:\coding\SIH\node_modules\.bin;G:\coding\node_modules\.bin;G:\node_modules\.bin;C:\Users\thapa\AppData\Roaming\npm\node_modules\npm\node_modules\@npmcli\run-script\lib\node-gyp-bin;G:\coding\SIH\test4\fp\node_modules\.bin;G:\coding\SIH\test4\fp\node_modules\.bin;G:\coding\SIH\test4\node_modules\.bin;G:\coding\SIH\node_modules\.bin;G:\coding\node_modules\.bin;G:\node_modules\.bin;C:\Users\thapa\AppData\Roaming\npm\node_modules\npm\node_modules\@npmcli\run-script\lib\node-gyp-bin;C:\Program Files\Common Files\Oracle\Java\javapath;C:\Windows\system32;C:\Windows;C:\Windows\System32\Wbem;C:\Windows\System32\WindowsPowerShell\v1.0\;C:\Windows\System32\OpenSSH\;G:\utils\codeBlocks\files\CodeBlocks\MinGW\bin;G:\utils\mingww\bin;C:\Program Files\Java\jdk-16.0.1\bin;G:\utils\git\Git\cmd;G:\utils\OPENCV\opencv\sources\modules;G:\utils\OPENCV\opencv\build\include;G:\utils\OPENCV\opencv\build\x64\vc15\bin;G:\utils\OPENCV\opencv\build\x64\vc15\lib;G:\utils\node\_18\;G:\utils\mysql2\New Folder\bin\;C:\Users\thapa\AppData\Local\Programs\Python\Python311\Scripts\;C:\Users\thapa\AppData\Local\Programs\Python\Python311\;C:\Users\thapa\AppData\Local\Microsoft\WindowsApps;G:\utils\VS_\VS_final_files\Microsoft VS Code\bin;G:\utils\codeBlocks\files\CodeBlocks\MinGW\bin;C:\Windows\system32;C:\Windows\System32\WindowsPowerShell\v1.0\;C:\Program Files\Java\jdk-16.0.1\bin;C:\Program Files\JetBrains\IntelliJ IDEA Community Edition 2021.1.2\bin;;G:\utils\heroku_\heroku\bin;G:\utils\VS_\insider_\Microsoft VS Code Insiders\bin;G:\utils\heroku_\heroku2\bin;G:\utils\pycharm_\PyCharm 2021.3.1\bin;;G:\utils\pycharm22\PyCharm Community Edition 2022.3\bin;;G:\Downloads\flutterSDK\flutter\bin;C:\Users\thapa\AppData\Roaming\npm;C:\Program Files (x86)\Nmap;C:\Users\thapa\AppData\Local\Android\Sdk\platform-tools;
USERNAME=thapa
LANG=en_US.UTF-8
OS=Windows_NT
PROCESSOR_IDENTIFIER=AMD64 Family 23 Model 17 Stepping 0, AuthenticAMD



---------------  S Y S T E M  ---------------

OS:
 Windows 10 , 64 bit Build 19041 (10.0.19041.3155)
OS uptime: 0 days 6:34 hours

CPU: total 8 (initial active 8) (8 cores per cpu, 2 threads per core) family 23 model 17 stepping 0 microcode 0x0, cx8, cmov, fxsr, ht, mmx, 3dnowpref, sse, sse2, sse3, ssse3, sse4a, sse4.1, sse4.2, popcnt, lzcnt, tsc, tscinvbit, avx, avx2, aes, clmul, bmi1, bmi2, adx, sha, fma, vzeroupper, clflush, clflushopt

Memory: 4k page, system-wide physical 15267M (1335M free)
TotalPageFile size 19363M (AvailPageFile size 3M)
current process WorkingSet (physical memory assigned to process): 66M, peak: 66M
current process commit charge ("private bytes"): 154M, peak: 155M

vm_info: Java HotSpot(TM) 64-Bit Server VM (16.0.1+9-24) for windows-amd64 JRE (16.0.1+9-24), built on Mar 26 2021 19:31:42 by "mach5one" with MS VC++ 16.7 (VS2019)

END.
